# JRE version: Java(TM) SE Runtime Environment (7.0_71-b14) (build 1.7.0_71-b14)
# Java VM: Java HotSpot(TM) 64-Bit Server VM (24.71-b01 mixed mode linux-amd64 compressed oops)
Heap
 PSYoungGen      total 103936K, used 12780K [0x00000000e1d00000, 0x00000000e9100000, 0x0000000100000000)
  eden space 91136K, 0% used [0x00000000e1d00000,0x00000000e1d00000,0x00000000e7600000)
  from space 12800K, 99% used [0x00000000e8480000,0x00000000e90fb0e0,0x00000000e9100000)
  to   space 9728K, 0% used [0x00000000e7600000,0x00000000e7600000,0x00000000e7f80000)
 ParOldGen       total 61440K, used 15231K [0x00000000a5800000, 0x00000000a9400000, 0x00000000e1d00000)
  object space 61440K, 24% used [0x00000000a5800000,0x00000000a66dfeb8,0x00000000a9400000)
 PSPermGen       total 26112K, used 25653K [0x00000000a0600000, 0x00000000a1f80000, 0x00000000a5800000)
  object space 26112K, 98% used [0x00000000a0600000,0x00000000a1f0d540,0x00000000a1f80000)
GC Heap History (10 events):
Event: 5,152 GC heap after
Heap after GC invocations=3 (full 0):
 PSYoungGen      total 27648K, used 3569K [0x00000000e1d00000, 0x00000000e5300000, 0x0000000100000000)
  eden space 24064K, 0% used [0x00000000e1d00000,0x00000000e1d00000,0x00000000e3480000)
  from space 3584K, 99% used [0x00000000e3480000,0x00000000e37fc710,0x00000000e3800000)
  to   space 3584K, 0% used [0x00000000e4f80000,0x00000000e4f80000,0x00000000e5300000)
 ParOldGen       total 61440K, used 1239K [0x00000000a5800000, 0x00000000a9400000, 0x00000000e1d00000)
  object space 61440K, 2% used [0x00000000a5800000,0x00000000a5935fe0,0x00000000a9400000)
 PSPermGen       total 21504K, used 12127K [0x00000000a0600000, 0x00000000a1b00000, 0x00000000a5800000)
  object space 21504K, 56% used [0x00000000a0600000,0x00000000a11d7c90,0x00000000a1b00000)
}
Event: 7,105 GC heap before
{Heap before GC invocations=4 (full 0):
 PSYoungGen      total 27648K, used 27633K [0x00000000e1d00000, 0x00000000e5300000, 0x0000000100000000)
  eden space 24064K, 100% used [0x00000000e1d00000,0x00000000e3480000,0x00000000e3480000)
  from space 3584K, 99% used [0x00000000e3480000,0x00000000e37fc710,0x00000000e3800000)
  to   space 3584K, 0% used [0x00000000e4f80000,0x00000000e4f80000,0x00000000e5300000)
 ParOldGen       total 61440K, used 1239K [0x00000000a5800000, 0x00000000a9400000, 0x00000000e1d00000)
  object space 61440K, 2% used [0x00000000a5800000,0x00000000a5935fe0,0x00000000a9400000)
 PSPermGen       total 21504K, used 13854K [0x00000000a0600000, 0x00000000a1b00000, 0x00000000a5800000)
  object space 21504K, 64% used [0x00000000a0600000,0x00000000a13879e8,0x00000000a1b00000)
Event: 7,136 GC heap after
Heap after GC invocations=4 (full 0):
 PSYoungGen      total 51712K, used 3584K [0x00000000e1d00000, 0x00000000e5300000, 0x0000000100000000)
  eden space 48128K, 0% used [0x00000000e1d00000,0x00000000e1d00000,0x00000000e4c00000)
  from space 3584K, 100% used [0x00000000e4f80000,0x00000000e5300000,0x00000000e5300000)
  to   space 3584K, 0% used [0x00000000e4c00000,0x00000000e4c00000,0x00000000e4f80000)
 ParOldGen       total 61440K, used 3075K [0x00000000a5800000, 0x00000000a9400000, 0x00000000e1d00000)
  object space 61440K, 5% used [0x00000000a5800000,0x00000000a5b00fe0,0x00000000a9400000)
 PSPermGen       total 21504K, used 13854K [0x00000000a0600000, 0x00000000a1b00000, 0x00000000a5800000)
  object space 21504K, 64% used [0x00000000a0600000,0x00000000a13879e8,0x00000000a1b00000)
}
Event: 10,333 GC heap before
{Heap before GC invocations=5 (full 0):
 PSYoungGen      total 51712K, used 51712K [0x00000000e1d00000, 0x00000000e5300000, 0x0000000100000000)
  eden space 48128K, 100% used [0x00000000e1d00000,0x00000000e4c00000,0x00000000e4c00000)
  from space 3584K, 100% used [0x00000000e4f80000,0x00000000e5300000,0x00000000e5300000)
  to   space 3584K, 0% used [0x00000000e4c00000,0x00000000e4c00000,0x00000000e4f80000)
 ParOldGen       total 61440K, used 3075K [0x00000000a5800000, 0x00000000a9400000, 0x00000000e1d00000)
  object space 61440K, 5% used [0x00000000a5800000,0x00000000a5b00fe0,0x00000000a9400000)
 PSPermGen       total 21504K, used 14462K [0x00000000a0600000, 0x00000000a1b00000, 0x00000000a5800000)
  object space 21504K, 67% used [0x00000000a0600000,0x00000000a141fa10,0x00000000a1b00000)
Event: 10,358 GC heap after
Heap after GC invocations=5 (full 0):
 PSYoungGen      total 51712K, used 3584K [0x00000000e1d00000, 0x00000000e8900000, 0x0000000100000000)
  eden space 48128K, 0% used [0x00000000e1d00000,0x00000000e1d00000,0x00000000e4c00000)
  from space 3584K, 100% used [0x00000000e4c00000,0x00000000e4f80000,0x00000000e4f80000)
  to   space 7168K, 0% used [0x00000000e8200000,0x00000000e8200000,0x00000000e8900000)
 ParOldGen       total 61440K, used 6217K [0x00000000a5800000, 0x00000000a9400000, 0x00000000e1d00000)
  object space 61440K, 10% used [0x00000000a5800000,0x00000000a5e12728,0x00000000a9400000)
 PSPermGen       total 21504K, used 14462K [0x00000000a0600000, 0x00000000a1b00000, 0x00000000a5800000)
  object space 21504K, 67% used [0x00000000a0600000,0x00000000a141fa10,0x00000000a1b00000)
}
Event: 14,303 GC heap before
{Heap before GC invocations=6 (full 0):
 PSYoungGen      total 51712K, used 51712K [0x00000000e1d00000, 0x00000000e8900000, 0x0000000100000000)
  eden space 48128K, 100% used [0x00000000e1d00000,0x00000000e4c00000,0x00000000e4c00000)
  from space 3584K, 100% used [0x00000000e4c00000,0x00000000e4f80000,0x00000000e4f80000)
  to   space 7168K, 0% used [0x00000000e8200000,0x00000000e8200000,0x00000000e8900000)
 ParOldGen       total 61440K, used 6217K [0x00000000a5800000, 0x00000000a9400000, 0x00000000e1d00000)
  object space 61440K, 10% used [0x00000000a5800000,0x00000000a5e12728,0x00000000a9400000)
 PSPermGen       total 21504K, used 18703K [0x00000000a0600000, 0x00000000a1b00000, 0x00000000a5800000)
  object space 21504K, 86% used [0x00000000a0600000,0x00000000a1843c88,0x00000000a1b00000)
Event: 14,328 GC heap after
Heap after GC invocations=6 (full 0):
 PSYoungGen      total 53760K, used 7143K [0x00000000e1d00000, 0x00000000e8900000, 0x0000000100000000)
  eden space 46592K, 0% used [0x00000000e1d00000,0x00000000e1d00000,0x00000000e4a80000)
  from space 7168K, 99% used [0x00000000e8200000,0x00000000e88f9c68,0x00000000e8900000)
  to   space 9728K, 0% used [0x00000000e7600000,0x00000000e7600000,0x00000000e7f80000)
 ParOldGen       total 61440K, used 8661K [0x00000000a5800000, 0x00000000a9400000, 0x00000000e1d00000)
  object space 61440K, 14% used [0x00000000a5800000,0x00000000a60757a8,0x00000000a9400000)
 PSPermGen       total 21504K, used 18703K [0x00000000a0600000, 0x00000000a1b00000, 0x00000000a5800000)
  object space 21504K, 86% used [0x00000000a0600000,0x00000000a1843c88,0x00000000a1b00000)
}
Event: 17,455 GC heap before
{Heap before GC invocations=7 (full 0):
 PSYoungGen      total 53760K, used 53735K [0x00000000e1d00000, 0x00000000e8900000, 0x0000000100000000)
  eden space 46592K, 100% used [0x00000000e1d00000,0x00000000e4a80000,0x00000000e4a80000)
  from space 7168K, 99% used [0x00000000e8200000,0x00000000e88f9c68,0x00000000e8900000)
  to   space 9728K, 0% used [0x00000000e7600000,0x00000000e7600000,0x00000000e7f80000)
 ParOldGen       total 61440K, used 8661K [0x00000000a5800000, 0x00000000a9400000, 0x00000000e1d00000)
  object space 61440K, 14% used [0x00000000a5800000,0x00000000a60757a8,0x00000000a9400000)
 PSPermGen       total 21504K, used 19421K [0x00000000a0600000, 0x00000000a1b00000, 0x00000000a5800000)
  object space 21504K, 90% used [0x00000000a0600000,0x00000000a18f77f8,0x00000000a1b00000)
Event: 17,528 GC heap after
Heap after GC invocations=7 (full 0):
 PSYoungGen      total 100864K, used 9723K [0x00000000e1d00000, 0x00000000e9100000, 0x0000000100000000)
  eden space 91136K, 0% used [0x00000000e1d00000,0x00000000e1d00000,0x00000000e7600000)
  from space 9728K, 99% used [0x00000000e7600000,0x00000000e7f7ec78,0x00000000e7f80000)
  to   space 12800K, 0% used [0x00000000e8480000,0x00000000e8480000,0x00000000e9100000)
 ParOldGen       total 61440K, used 11566K [0x00000000a5800000, 0x00000000a9400000, 0x00000000e1d00000)
  object space 61440K, 18% used [0x00000000a5800000,0x00000000a634b8e0,0x00000000a9400000)
 PSPermGen       total 21504K, used 19421K [0x00000000a0600000, 0x00000000a1b00000, 0x00000000a5800000)
  object space 21504K, 90% used [0x00000000a0600000,0x00000000a18f77f8,0x00000000a1b00000)
}
Event: 22,558 GC heap before
{Heap before GC invocations=8 (full 0):
 PSYoungGen      total 100864K, used 100859K [0x00000000e1d00000, 0x00000000e9100000, 0x0000000100000000)
  eden space 91136K, 100% used [0x00000000e1d00000,0x00000000e7600000,0x00000000e7600000)
  from space 9728K, 99% used [0x00000000e7600000,0x00000000e7f7ec78,0x00000000e7f80000)
  to   space 12800K, 0% used [0x00000000e8480000,0x00000000e8480000,0x00000000e9100000)
 ParOldGen       total 61440K, used 11566K [0x00000000a5800000, 0x00000000a9400000, 0x00000000e1d00000)
  object space 61440K, 18% used [0x00000000a5800000,0x00000000a634b8e0,0x00000000a9400000)
 PSPermGen       total 26112K, used 25653K [0x00000000a0600000, 0x00000000a1f80000, 0x00000000a5800000)
  object space 26112K, 98% used [0x00000000a0600000,0x00000000a1f0d540,0x00000000a1f80000)

