# JRE version: Java(TM) SE Runtime Environment (7.0_71-b14) (build 1.7.0_71-b14)
# Java VM: Java HotSpot(TM) 64-Bit Server VM (24.71-b01 mixed mode linux-amd64 compressed oops)
Heap
 PSYoungGen      total 104448K, used 6536K [0x00000000e1d00000, 0x00000000e8c00000, 0x0000000100000000)
  eden space 95232K, 0% used [0x00000000e1d00000,0x00000000e1d00000,0x00000000e7a00000)
  from space 9216K, 70% used [0x00000000e7a00000,0x00000000e80622a8,0x00000000e8300000)
  to   space 9216K, 0% used [0x00000000e8300000,0x00000000e8300000,0x00000000e8c00000)
 ParOldGen       total 61440K, used 11389K [0x00000000a5800000, 0x00000000a9400000, 0x00000000e1d00000)
  object space 61440K, 18% used [0x00000000a5800000,0x00000000a631f7d8,0x00000000a9400000)
 PSPermGen       total 30720K, used 30503K [0x00000000a0600000, 0x00000000a2400000, 0x00000000a5800000)
  object space 30720K, 99% used [0x00000000a0600000,0x00000000a23c9c68,0x00000000a2400000)
GC Heap History (10 events):
Event: 5,615 GC heap after
Heap after GC invocations=4 (full 0):
 PSYoungGen      total 27648K, used 3584K [0x00000000e1d00000, 0x00000000e5300000, 0x0000000100000000)
  eden space 24064K, 0% used [0x00000000e1d00000,0x00000000e1d00000,0x00000000e3480000)
  from space 3584K, 100% used [0x00000000e3800000,0x00000000e3b80000,0x00000000e3b80000)
  to   space 3584K, 0% used [0x00000000e3480000,0x00000000e3480000,0x00000000e3800000)
 ParOldGen       total 61440K, used 3698K [0x00000000a5800000, 0x00000000a9400000, 0x00000000e1d00000)
  object space 61440K, 6% used [0x00000000a5800000,0x00000000a5b9c890,0x00000000a9400000)
 PSPermGen       total 21504K, used 16880K [0x00000000a0600000, 0x00000000a1b00000, 0x00000000a5800000)
  object space 21504K, 78% used [0x00000000a0600000,0x00000000a167c320,0x00000000a1b00000)
}
Event: 6,437 GC heap before
{Heap before GC invocations=5 (full 0):
 PSYoungGen      total 27648K, used 27648K [0x00000000e1d00000, 0x00000000e5300000, 0x0000000100000000)
  eden space 24064K, 100% used [0x00000000e1d00000,0x00000000e3480000,0x00000000e3480000)
  from space 3584K, 100% used [0x00000000e3800000,0x00000000e3b80000,0x00000000e3b80000)
  to   space 3584K, 0% used [0x00000000e3480000,0x00000000e3480000,0x00000000e3800000)
 ParOldGen       total 61440K, used 3698K [0x00000000a5800000, 0x00000000a9400000, 0x00000000e1d00000)
  object space 61440K, 6% used [0x00000000a5800000,0x00000000a5b9c890,0x00000000a9400000)
 PSPermGen       total 22016K, used 21661K [0x00000000a0600000, 0x00000000a1b80000, 0x00000000a5800000)
  object space 22016K, 98% used [0x00000000a0600000,0x00000000a1b27490,0x00000000a1b80000)
Event: 6,448 GC heap after
Heap after GC invocations=5 (full 0):
 PSYoungGen      total 27648K, used 3574K [0x00000000e1d00000, 0x00000000e5b00000, 0x0000000100000000)
  eden space 24064K, 0% used [0x00000000e1d00000,0x00000000e1d00000,0x00000000e3480000)
  from space 3584K, 99% used [0x00000000e3480000,0x00000000e37fd940,0x00000000e3800000)
  to   space 7680K, 0% used [0x00000000e5380000,0x00000000e5380000,0x00000000e5b00000)
 ParOldGen       total 61440K, used 7314K [0x00000000a5800000, 0x00000000a9400000, 0x00000000e1d00000)
  object space 61440K, 11% used [0x00000000a5800000,0x00000000a5f248c8,0x00000000a9400000)
 PSPermGen       total 22016K, used 21661K [0x00000000a0600000, 0x00000000a1b80000, 0x00000000a5800000)
  object space 22016K, 98% used [0x00000000a0600000,0x00000000a1b27490,0x00000000a1b80000)
}
Event: 7,450 GC heap before
{Heap before GC invocations=6 (full 0):
 PSYoungGen      total 27648K, used 27638K [0x00000000e1d00000, 0x00000000e5b00000, 0x0000000100000000)
  eden space 24064K, 100% used [0x00000000e1d00000,0x00000000e3480000,0x00000000e3480000)
  from space 3584K, 99% used [0x00000000e3480000,0x00000000e37fd940,0x00000000e3800000)
  to   space 7680K, 0% used [0x00000000e5380000,0x00000000e5380000,0x00000000e5b00000)
 ParOldGen       total 61440K, used 7314K [0x00000000a5800000, 0x00000000a9400000, 0x00000000e1d00000)
  object space 61440K, 11% used [0x00000000a5800000,0x00000000a5f248c8,0x00000000a9400000)
 PSPermGen       total 25088K, used 24695K [0x00000000a0600000, 0x00000000a1e80000, 0x00000000a5800000)
  object space 25088K, 98% used [0x00000000a0600000,0x00000000a1e1df60,0x00000000a1e80000)
Event: 7,468 GC heap after
Heap after GC invocations=6 (full 0):
 PSYoungGen      total 55296K, used 7297K [0x00000000e1d00000, 0x00000000e5c00000, 0x0000000100000000)
  eden space 47616K, 0% used [0x00000000e1d00000,0x00000000e1d00000,0x00000000e4b80000)
  from space 7680K, 95% used [0x00000000e5380000,0x00000000e5aa05c8,0x00000000e5b00000)
  to   space 8192K, 0% used [0x00000000e4b80000,0x00000000e4b80000,0x00000000e5380000)
 ParOldGen       total 61440K, used 7314K [0x00000000a5800000, 0x00000000a9400000, 0x00000000e1d00000)
  object space 61440K, 11% used [0x00000000a5800000,0x00000000a5f248c8,0x00000000a9400000)
 PSPermGen       total 25088K, used 24695K [0x00000000a0600000, 0x00000000a1e80000, 0x00000000a5800000)
  object space 25088K, 98% used [0x00000000a0600000,0x00000000a1e1df60,0x00000000a1e80000)
}
Event: 9,075 GC heap before
{Heap before GC invocations=7 (full 0):
 PSYoungGen      total 55296K, used 54913K [0x00000000e1d00000, 0x00000000e5c00000, 0x0000000100000000)
  eden space 47616K, 100% used [0x00000000e1d00000,0x00000000e4b80000,0x00000000e4b80000)
  from space 7680K, 95% used [0x00000000e5380000,0x00000000e5aa05c8,0x00000000e5b00000)
  to   space 8192K, 0% used [0x00000000e4b80000,0x00000000e4b80000,0x00000000e5380000)
 ParOldGen       total 61440K, used 7314K [0x00000000a5800000, 0x00000000a9400000, 0x00000000e1d00000)
  object space 61440K, 11% used [0x00000000a5800000,0x00000000a5f248c8,0x00000000a9400000)
 PSPermGen       total 29184K, used 29120K [0x00000000a0600000, 0x00000000a2280000, 0x00000000a5800000)
  object space 29184K, 99% used [0x00000000a0600000,0x00000000a2270150,0x00000000a2280000)
Event: 9,093 GC heap after
Heap after GC invocations=7 (full 0):
 PSYoungGen      total 55808K, used 8189K [0x00000000e1d00000, 0x00000000e8c00000, 0x0000000100000000)
  eden space 47616K, 0% used [0x00000000e1d00000,0x00000000e1d00000,0x00000000e4b80000)
  from space 8192K, 99% used [0x00000000e4b80000,0x00000000e537f508,0x00000000e5380000)
  to   space 9216K, 0% used [0x00000000e8300000,0x00000000e8300000,0x00000000e8c00000)
 ParOldGen       total 61440K, used 8704K [0x00000000a5800000, 0x00000000a9400000, 0x00000000e1d00000)
  object space 61440K, 14% used [0x00000000a5800000,0x00000000a6080140,0x00000000a9400000)
 PSPermGen       total 29184K, used 29120K [0x00000000a0600000, 0x00000000a2280000, 0x00000000a5800000)
  object space 29184K, 99% used [0x00000000a0600000,0x00000000a2270150,0x00000000a2280000)
}
Event: 10,498 GC heap before
{Heap before GC invocations=8 (full 0):
 PSYoungGen      total 55808K, used 55805K [0x00000000e1d00000, 0x00000000e8c00000, 0x0000000100000000)
  eden space 47616K, 100% used [0x00000000e1d00000,0x00000000e4b80000,0x00000000e4b80000)
  from space 8192K, 99% used [0x00000000e4b80000,0x00000000e537f508,0x00000000e5380000)
  to   space 9216K, 0% used [0x00000000e8300000,0x00000000e8300000,0x00000000e8c00000)
 ParOldGen       total 61440K, used 8704K [0x00000000a5800000, 0x00000000a9400000, 0x00000000e1d00000)
  object space 61440K, 14% used [0x00000000a5800000,0x00000000a6080140,0x00000000a9400000)
 PSPermGen       total 30208K, used 30105K [0x00000000a0600000, 0x00000000a2380000, 0x00000000a5800000)
  object space 30208K, 99% used [0x00000000a0600000,0x00000000a23666e0,0x00000000a2380000)
Event: 10,515 GC heap after
Heap after GC invocations=8 (full 0):
 PSYoungGen      total 104448K, used 6226K [0x00000000e1d00000, 0x00000000e8c00000, 0x0000000100000000)
  eden space 95232K, 0% used [0x00000000e1d00000,0x00000000e1d00000,0x00000000e7a00000)
  from space 9216K, 67% used [0x00000000e8300000,0x00000000e8914be8,0x00000000e8c00000)
  to   space 9216K, 0% used [0x00000000e7a00000,0x00000000e7a00000,0x00000000e8300000)
 ParOldGen       total 61440K, used 9912K [0x00000000a5800000, 0x00000000a9400000, 0x00000000e1d00000)
  object space 61440K, 16% used [0x00000000a5800000,0x00000000a61ae140,0x00000000a9400000)
 PSPermGen       total 30208K, used 30105K [0x00000000a0600000, 0x00000000a2380000, 0x00000000a5800000)
  object space 30208K, 99% used [0x00000000a0600000,0x00000000a23666e0,0x00000000a2380000)
}
Event: 14,826 GC heap before
{Heap before GC invocations=9 (full 0):
 PSYoungGen      total 104448K, used 101458K [0x00000000e1d00000, 0x00000000e8c00000, 0x0000000100000000)
  eden space 95232K, 100% used [0x00000000e1d00000,0x00000000e7a00000,0x00000000e7a00000)
  from space 9216K, 67% used [0x00000000e8300000,0x00000000e8914be8,0x00000000e8c00000)
  to   space 9216K, 0% used [0x00000000e7a00000,0x00000000e7a00000,0x00000000e8300000)
 ParOldGen       total 61440K, used 9912K [0x00000000a5800000, 0x00000000a9400000, 0x00000000e1d00000)
  object space 61440K, 16% used [0x00000000a5800000,0x00000000a61ae140,0x00000000a9400000)
 PSPermGen       total 30720K, used 30503K [0x00000000a0600000, 0x00000000a2400000, 0x00000000a5800000)
  object space 30720K, 99% used [0x00000000a0600000,0x00000000a23c9c68,0x00000000a2400000)

