# JRE version: Java(TM) SE Runtime Environment (7.0_71-b14) (build 1.7.0_71-b14)
# Java VM: Java HotSpot(TM) 64-Bit Server VM (24.71-b01 mixed mode linux-amd64 compressed oops)
Heap
 PSYoungGen      total 159744K, used 3482K [0x00000000e1d00000, 0x00000000ec280000, 0x0000000100000000)
  eden space 150528K, 0% used [0x00000000e1d00000,0x00000000e1d00000,0x00000000eb000000)
  from space 9216K, 37% used [0x00000000eb000000,0x00000000eb366ba0,0x00000000eb900000)
  to   space 8704K, 0% used [0x00000000eb900000,0x00000000eb900000,0x00000000ec180000)
 ParOldGen       total 61440K, used 14471K [0x00000000a5800000, 0x00000000a9400000, 0x00000000e1d00000)
  object space 61440K, 23% used [0x00000000a5800000,0x00000000a6621c58,0x00000000a9400000)
 PSPermGen       total 30720K, used 30654K [0x00000000a0600000, 0x00000000a2400000, 0x00000000a5800000)
  object space 30720K, 99% used [0x00000000a0600000,0x00000000a23ef960,0x00000000a2400000)
GC Heap History (10 events):
Event: 6,041 GC heap after
Heap after GC invocations=6 (full 0):
 PSYoungGen      total 54272K, used 7146K [0x00000000e1d00000, 0x00000000e5c00000, 0x0000000100000000)
  eden space 47104K, 0% used [0x00000000e1d00000,0x00000000e1d00000,0x00000000e4b00000)
  from space 7168K, 99% used [0x00000000e5300000,0x00000000e59fa9f8,0x00000000e5a00000)
  to   space 8192K, 0% used [0x00000000e4b00000,0x00000000e4b00000,0x00000000e5300000)
 ParOldGen       total 61440K, used 7591K [0x00000000a5800000, 0x00000000a9400000, 0x00000000e1d00000)
  object space 61440K, 12% used [0x00000000a5800000,0x00000000a5f69d38,0x00000000a9400000)
 PSPermGen       total 25088K, used 24697K [0x00000000a0600000, 0x00000000a1e80000, 0x00000000a5800000)
  object space 25088K, 98% used [0x00000000a0600000,0x00000000a1e1e6f0,0x00000000a1e80000)
}
Event: 7,343 GC heap before
{Heap before GC invocations=7 (full 0):
 PSYoungGen      total 54272K, used 54250K [0x00000000e1d00000, 0x00000000e5c00000, 0x0000000100000000)
  eden space 47104K, 100% used [0x00000000e1d00000,0x00000000e4b00000,0x00000000e4b00000)
  from space 7168K, 99% used [0x00000000e5300000,0x00000000e59fa9f8,0x00000000e5a00000)
  to   space 8192K, 0% used [0x00000000e4b00000,0x00000000e4b00000,0x00000000e5300000)
 ParOldGen       total 61440K, used 7591K [0x00000000a5800000, 0x00000000a9400000, 0x00000000e1d00000)
  object space 61440K, 12% used [0x00000000a5800000,0x00000000a5f69d38,0x00000000a9400000)
 PSPermGen       total 29184K, used 29105K [0x00000000a0600000, 0x00000000a2280000, 0x00000000a5800000)
  object space 29184K, 99% used [0x00000000a0600000,0x00000000a226c488,0x00000000a2280000)
Event: 7,361 GC heap after
Heap after GC invocations=7 (full 0):
 PSYoungGen      total 55296K, used 8173K [0x00000000e1d00000, 0x00000000e8b00000, 0x0000000100000000)
  eden space 47104K, 0% used [0x00000000e1d00000,0x00000000e1d00000,0x00000000e4b00000)
  from space 8192K, 99% used [0x00000000e4b00000,0x00000000e52fb518,0x00000000e5300000)
  to   space 9216K, 0% used [0x00000000e8200000,0x00000000e8200000,0x00000000e8b00000)
 ParOldGen       total 61440K, used 9025K [0x00000000a5800000, 0x00000000a9400000, 0x00000000e1d00000)
  object space 61440K, 14% used [0x00000000a5800000,0x00000000a60d05a0,0x00000000a9400000)
 PSPermGen       total 29184K, used 29105K [0x00000000a0600000, 0x00000000a2280000, 0x00000000a5800000)
  object space 29184K, 99% used [0x00000000a0600000,0x00000000a226c488,0x00000000a2280000)
}
Event: 8,619 GC heap before
{Heap before GC invocations=8 (full 0):
 PSYoungGen      total 55296K, used 55277K [0x00000000e1d00000, 0x00000000e8b00000, 0x0000000100000000)
  eden space 47104K, 100% used [0x00000000e1d00000,0x00000000e4b00000,0x00000000e4b00000)
  from space 8192K, 99% used [0x00000000e4b00000,0x00000000e52fb518,0x00000000e5300000)
  to   space 9216K, 0% used [0x00000000e8200000,0x00000000e8200000,0x00000000e8b00000)
 ParOldGen       total 61440K, used 9025K [0x00000000a5800000, 0x00000000a9400000, 0x00000000e1d00000)
  object space 61440K, 14% used [0x00000000a5800000,0x00000000a60d05a0,0x00000000a9400000)
 PSPermGen       total 30208K, used 30031K [0x00000000a0600000, 0x00000000a2380000, 0x00000000a5800000)
  object space 30208K, 99% used [0x00000000a0600000,0x00000000a2353c10,0x00000000a2380000)
Event: 8,645 GC heap after
Heap after GC invocations=8 (full 0):
 PSYoungGen      total 103424K, used 5598K [0x00000000e1d00000, 0x00000000e8b00000, 0x0000000100000000)
  eden space 94208K, 0% used [0x00000000e1d00000,0x00000000e1d00000,0x00000000e7900000)
  from space 9216K, 60% used [0x00000000e8200000,0x00000000e8777a50,0x00000000e8b00000)
  to   space 9216K, 0% used [0x00000000e7900000,0x00000000e7900000,0x00000000e8200000)
 ParOldGen       total 61440K, used 10237K [0x00000000a5800000, 0x00000000a9400000, 0x00000000e1d00000)
  object space 61440K, 16% used [0x00000000a5800000,0x00000000a61ff5b0,0x00000000a9400000)
 PSPermGen       total 30208K, used 30031K [0x00000000a0600000, 0x00000000a2380000, 0x00000000a5800000)
  object space 30208K, 99% used [0x00000000a0600000,0x00000000a2353c10,0x00000000a2380000)
}
Event: 11,533 GC heap before
{Heap before GC invocations=9 (full 0):
 PSYoungGen      total 103424K, used 99806K [0x00000000e1d00000, 0x00000000e8b00000, 0x0000000100000000)
  eden space 94208K, 100% used [0x00000000e1d00000,0x00000000e7900000,0x00000000e7900000)
  from space 9216K, 60% used [0x00000000e8200000,0x00000000e8777a50,0x00000000e8b00000)
  to   space 9216K, 0% used [0x00000000e7900000,0x00000000e7900000,0x00000000e8200000)
 ParOldGen       total 61440K, used 10237K [0x00000000a5800000, 0x00000000a9400000, 0x00000000e1d00000)
  object space 61440K, 16% used [0x00000000a5800000,0x00000000a61ff5b0,0x00000000a9400000)
 PSPermGen       total 30720K, used 30397K [0x00000000a0600000, 0x00000000a2400000, 0x00000000a5800000)
  object space 30720K, 98% used [0x00000000a0600000,0x00000000a23af7c0,0x00000000a2400000)
Event: 11,756 GC heap after
Heap after GC invocations=9 (full 0):
 PSYoungGen      total 103424K, used 6472K [0x00000000e1d00000, 0x00000000ec180000, 0x0000000100000000)
  eden space 94208K, 0% used [0x00000000e1d00000,0x00000000e1d00000,0x00000000e7900000)
  from space 9216K, 70% used [0x00000000e7900000,0x00000000e7f522d0,0x00000000e8200000)
  to   space 8704K, 0% used [0x00000000eb900000,0x00000000eb900000,0x00000000ec180000)
 ParOldGen       total 61440K, used 11707K [0x00000000a5800000, 0x00000000a9400000, 0x00000000e1d00000)
  object space 61440K, 19% used [0x00000000a5800000,0x00000000a636ec48,0x00000000a9400000)
 PSPermGen       total 30720K, used 30397K [0x00000000a0600000, 0x00000000a2400000, 0x00000000a5800000)
  object space 30720K, 98% used [0x00000000a0600000,0x00000000a23af7c0,0x00000000a2400000)
}
Event: 13,619 GC heap before
{Heap before GC invocations=10 (full 0):
 PSYoungGen      total 103424K, used 100680K [0x00000000e1d00000, 0x00000000ec180000, 0x0000000100000000)
  eden space 94208K, 100% used [0x00000000e1d00000,0x00000000e7900000,0x00000000e7900000)
  from space 9216K, 70% used [0x00000000e7900000,0x00000000e7f522d0,0x00000000e8200000)
  to   space 8704K, 0% used [0x00000000eb900000,0x00000000eb900000,0x00000000ec180000)
 ParOldGen       total 61440K, used 11707K [0x00000000a5800000, 0x00000000a9400000, 0x00000000e1d00000)
  object space 61440K, 19% used [0x00000000a5800000,0x00000000a636ec48,0x00000000a9400000)
 PSPermGen       total 30720K, used 30512K [0x00000000a0600000, 0x00000000a2400000, 0x00000000a5800000)
  object space 30720K, 99% used [0x00000000a0600000,0x00000000a23cc3b0,0x00000000a2400000)
Event: 13,633 GC heap after
Heap after GC invocations=10 (full 0):
 PSYoungGen      total 159232K, used 3996K [0x00000000e1d00000, 0x00000000ec280000, 0x0000000100000000)
  eden space 150528K, 0% used [0x00000000e1d00000,0x00000000e1d00000,0x00000000eb000000)
  from space 8704K, 45% used [0x00000000eb900000,0x00000000ebce7090,0x00000000ec180000)
  to   space 9216K, 0% used [0x00000000eb000000,0x00000000eb000000,0x00000000eb900000)
 ParOldGen       total 61440K, used 14231K [0x00000000a5800000, 0x00000000a9400000, 0x00000000e1d00000)
  object space 61440K, 23% used [0x00000000a5800000,0x00000000a65e5c58,0x00000000a9400000)
 PSPermGen       total 30720K, used 30512K [0x00000000a0600000, 0x00000000a2400000, 0x00000000a5800000)
  object space 30720K, 99% used [0x00000000a0600000,0x00000000a23cc3b0,0x00000000a2400000)
}
Event: 16,632 GC heap before
{Heap before GC invocations=11 (full 0):
 PSYoungGen      total 159232K, used 154524K [0x00000000e1d00000, 0x00000000ec280000, 0x0000000100000000)
  eden space 150528K, 100% used [0x00000000e1d00000,0x00000000eb000000,0x00000000eb000000)
  from space 8704K, 45% used [0x00000000eb900000,0x00000000ebce7090,0x00000000ec180000)
  to   space 9216K, 0% used [0x00000000eb000000,0x00000000eb000000,0x00000000eb900000)
 ParOldGen       total 61440K, used 14231K [0x00000000a5800000, 0x00000000a9400000, 0x00000000e1d00000)
  object space 61440K, 23% used [0x00000000a5800000,0x00000000a65e5c58,0x00000000a9400000)
 PSPermGen       total 30720K, used 30654K [0x00000000a0600000, 0x00000000a2400000, 0x00000000a5800000)
  object space 30720K, 99% used [0x00000000a0600000,0x00000000a23ef960,0x00000000a2400000)

